c:\users\heetae\source\repos\engineportfolio\engineporfolio\mymath\x64\debug\mymath.pch
c:\users\heetae\source\repos\engineportfolio\engineporfolio\libraries\lib\mymath\debug\mymath.pdb
c:\users\heetae\source\repos\engineportfolio\engineporfolio\libraries\lib\mymath\debug\mymath.idb
c:\users\heetae\source\repos\engineportfolio\engineporfolio\mymath\x64\debug\pch.obj
c:\users\heetae\source\repos\engineportfolio\engineporfolio\mymath\x64\debug\transformbase.obj
c:\users\heetae\source\repos\engineportfolio\engineporfolio\mymath\x64\debug\myvec4.obj
c:\users\heetae\source\repos\engineportfolio\engineporfolio\mymath\x64\debug\myvec3.obj
c:\users\heetae\source\repos\engineportfolio\engineporfolio\mymath\x64\debug\myray.obj
c:\users\heetae\source\repos\engineportfolio\engineporfolio\mymath\x64\debug\myquaternion.obj
c:\users\heetae\source\repos\engineportfolio\engineporfolio\mymath\x64\debug\mymatrix4x4.obj
c:\users\heetae\source\repos\engineportfolio\engineporfolio\mymath\x64\debug\mymatrix3x3.obj
c:\users\heetae\source\repos\engineportfolio\engineporfolio\mymath\x64\debug\myeulerangles.obj
c:\users\heetae\source\repos\engineportfolio\engineporfolio\mymath\x64\debug\myboundingcapsule.obj
c:\users\heetae\source\repos\engineportfolio\engineporfolio\mymath\x64\debug\myboundingsphere.obj
c:\users\heetae\source\repos\engineportfolio\engineporfolio\mymath\x64\debug\myboundingorientedbox.obj
c:\users\heetae\source\repos\engineportfolio\engineporfolio\mymath\x64\debug\contactinfo.obj
c:\users\heetae\source\repos\engineportfolio\engineporfolio\mymath\x64\debug\circulardoublylinkedlist.obj
c:\users\heetae\source\repos\engineportfolio\engineporfolio\libraries\lib\mymath\debug\mymath.lib
c:\users\heetae\source\repos\engineportfolio\engineporfolio\mymath\x64\debug\mymath.tlog\cl.command.1.tlog
c:\users\heetae\source\repos\engineportfolio\engineporfolio\mymath\x64\debug\mymath.tlog\cl.items.tlog
c:\users\heetae\source\repos\engineportfolio\engineporfolio\mymath\x64\debug\mymath.tlog\cl.read.1.tlog
c:\users\heetae\source\repos\engineportfolio\engineporfolio\mymath\x64\debug\mymath.tlog\cl.write.1.tlog
c:\users\heetae\source\repos\engineportfolio\engineporfolio\mymath\x64\debug\mymath.tlog\lib-link.read.1.tlog
c:\users\heetae\source\repos\engineportfolio\engineporfolio\mymath\x64\debug\mymath.tlog\lib-link.write.1.tlog
c:\users\heetae\source\repos\engineportfolio\engineporfolio\mymath\x64\debug\mymath.tlog\lib.command.1.tlog
