  C:\Users\Heetae\source\repos\EnginePortfolio\EnginePorfolio\MyMath\assert.h
  C:\Users\Heetae\source\repos\EnginePortfolio\EnginePorfolio\MyMath\CircularDoublyLinkedList.h
  C:\Users\Heetae\source\repos\EnginePortfolio\EnginePorfolio\MyMath\ContactInfo.h
  C:\Users\Heetae\source\repos\EnginePortfolio\EnginePorfolio\MyMath\CoreDefenition.h
  C:\Users\Heetae\source\repos\EnginePortfolio\EnginePorfolio\MyMath\correct_math.h
  C:\Users\Heetae\source\repos\EnginePortfolio\EnginePorfolio\MyMath\MathUtils.h
  C:\Users\Heetae\source\repos\EnginePortfolio\EnginePorfolio\MyMath\myBoundingCapsule.h
  C:\Users\Heetae\source\repos\EnginePortfolio\EnginePorfolio\MyMath\myBoundingOrientedBox.h
  C:\Users\Heetae\source\repos\EnginePortfolio\EnginePorfolio\MyMath\myBoundingSphere.h
  C:\Users\Heetae\source\repos\EnginePortfolio\EnginePorfolio\MyMath\myEulerAngles.h
  C:\Users\Heetae\source\repos\EnginePortfolio\EnginePorfolio\MyMath\MyMath.h
  C:\Users\Heetae\source\repos\EnginePortfolio\EnginePorfolio\MyMath\myMatrix3x3.h
  C:\Users\Heetae\source\repos\EnginePortfolio\EnginePorfolio\MyMath\myMatrix4x4.h
  C:\Users\Heetae\source\repos\EnginePortfolio\EnginePorfolio\MyMath\myQuaternion.h
  C:\Users\Heetae\source\repos\EnginePortfolio\EnginePorfolio\MyMath\myRay.h
  C:\Users\Heetae\source\repos\EnginePortfolio\EnginePorfolio\MyMath\myVec3.h
  C:\Users\Heetae\source\repos\EnginePortfolio\EnginePorfolio\MyMath\myVec4.h
  C:\Users\Heetae\source\repos\EnginePortfolio\EnginePorfolio\MyMath\pch.h
  C:\Users\Heetae\source\repos\EnginePortfolio\EnginePorfolio\MyMath\TransformBase.h
  19 File(s) copied
  pch.cpp
  CircularDoublyLinkedList.cpp
  ContactInfo.cpp
  myBoundingOrientedBox.cpp
C:\Users\Heetae\source\repos\EnginePortfolio\EnginePorfolio\MyMath\myBoundingOrientedBox.cpp(334,25): warning C4244: 'argument': conversion from 'int' to 'float', possible loss of data
C:\Users\Heetae\source\repos\EnginePortfolio\EnginePorfolio\MyMath\myBoundingOrientedBox.cpp(334,46): warning C4244: 'argument': conversion from 'int' to 'float', possible loss of data
  myBoundingSphere.cpp
  myBoundingCapsule.cpp
  myEulerAngles.cpp
  myMatrix3x3.cpp
  myMatrix4x4.cpp
  myQuaternion.cpp
  myRay.cpp
  myVec3.cpp
  myVec4.cpp
  TransformBase.cpp
  Generating Code...
  MyMath.vcxproj -> C:\Users\Heetae\source\repos\EnginePortfolio\EnginePorfolio\Libraries\Lib\MyMath\Debug\MyMath.lib
