c:\users\heetae\source\repos\engineportfolio\engineporfolio\intermediate\debug\assimptool.pch
c:\users\heetae\source\repos\engineportfolio\engineporfolio\intermediate\debug\vc143.pdb
c:\users\heetae\source\repos\engineportfolio\engineporfolio\intermediate\debug\vc143.idb
c:\users\heetae\source\repos\engineportfolio\engineporfolio\intermediate\debug\pch.obj
c:\users\heetae\source\repos\engineportfolio\engineporfolio\intermediate\debug\main.obj
c:\users\heetae\source\repos\engineportfolio\engineporfolio\intermediate\debug\converter.obj
c:\users\heetae\source\repos\engineportfolio\engineporfolio\intermediate\debug\astype.obj
c:\users\heetae\source\repos\engineportfolio\engineporfolio\intermediate\debug\assimptool.obj
c:\users\heetae\source\repos\engineportfolio\engineporfolio\binaries\assimptool.exe
c:\users\heetae\source\repos\engineportfolio\engineporfolio\binaries\assimptool.pdb
c:\users\heetae\source\repos\engineportfolio\engineporfolio\intermediate\debug\assimptool.ilk
c:\users\heetae\source\repos\engineportfolio\engineporfolio\intermediate\debug\camerascript.obj
c:\users\heetae\source\repos\engineportfolio\engineporfolio\intermediate\debug\kachujin.obj
c:\users\heetae\source\repos\engineportfolio\engineporfolio\intermediate\debug\monobehaviourloader.obj
c:\users\heetae\source\repos\engineportfolio\engineporfolio\intermediate\debug\playercontroller.obj
c:\users\heetae\source\repos\engineportfolio\engineporfolio\intermediate\debug\playermovement.obj
c:\users\heetae\source\repos\engineportfolio\engineporfolio\intermediate\debug\prefabinitializer.obj
c:\users\heetae\source\repos\engineportfolio\engineporfolio\intermediate\debug\resourceinitializer.obj
c:\users\heetae\source\repos\engineportfolio\engineporfolio\intermediate\debug\resourceinitializer2.obj
c:\users\heetae\source\repos\engineportfolio\engineporfolio\intermediate\debug\scenecodeloader.obj
c:\users\heetae\source\repos\engineportfolio\engineporfolio\intermediate\debug\temprotator.obj
c:\users\heetae\source\repos\engineportfolio\engineporfolio\intermediate\debug\client.ilk
c:\users\heetae\source\repos\engineportfolio\engineporfolio\intermediate\debug\client.pch
c:\users\heetae\source\repos\engineportfolio\engineporfolio\intermediate\debug\assimptool.vcxproj.filelistabsolute.txt
c:\users\heetae\source\repos\engineportfolio\engineporfolio\intermediate\debug\assimptool.tlog\cl.command.1.tlog
c:\users\heetae\source\repos\engineportfolio\engineporfolio\intermediate\debug\assimptool.tlog\cl.items.tlog
c:\users\heetae\source\repos\engineportfolio\engineporfolio\intermediate\debug\assimptool.tlog\cl.read.1.tlog
c:\users\heetae\source\repos\engineportfolio\engineporfolio\intermediate\debug\assimptool.tlog\cl.write.1.tlog
c:\users\heetae\source\repos\engineportfolio\engineporfolio\intermediate\debug\assimptool.tlog\link.command.1.tlog
c:\users\heetae\source\repos\engineportfolio\engineporfolio\intermediate\debug\assimptool.tlog\link.read.1.tlog
c:\users\heetae\source\repos\engineportfolio\engineporfolio\intermediate\debug\assimptool.tlog\link.secondary.1.tlog
c:\users\heetae\source\repos\engineportfolio\engineporfolio\intermediate\debug\assimptool.tlog\link.write.1.tlog
