c:\users\heetae\source\repos\engineportfolio\engineporfolio\intermediate\debug\client.pch
c:\users\heetae\source\repos\engineportfolio\engineporfolio\intermediate\debug\vc143.pdb
c:\users\heetae\source\repos\engineportfolio\engineporfolio\intermediate\debug\vc143.idb
c:\users\heetae\source\repos\engineportfolio\engineporfolio\intermediate\debug\pch.obj
c:\users\heetae\source\repos\engineportfolio\engineporfolio\intermediate\debug\temprotator.obj
c:\users\heetae\source\repos\engineportfolio\engineporfolio\intermediate\debug\scenecodeloader.obj
c:\users\heetae\source\repos\engineportfolio\engineporfolio\intermediate\debug\resourceinitializer2.obj
c:\users\heetae\source\repos\engineportfolio\engineporfolio\intermediate\debug\resourceinitializer.obj
c:\users\heetae\source\repos\engineportfolio\engineporfolio\intermediate\debug\prefabinitializer.obj
c:\users\heetae\source\repos\engineportfolio\engineporfolio\intermediate\debug\playermovement.obj
c:\users\heetae\source\repos\engineportfolio\engineporfolio\intermediate\debug\playercontroller.obj
c:\users\heetae\source\repos\engineportfolio\engineporfolio\intermediate\debug\monobehaviourloader.obj
c:\users\heetae\source\repos\engineportfolio\engineporfolio\intermediate\debug\main.obj
c:\users\heetae\source\repos\engineportfolio\engineporfolio\intermediate\debug\kachujin.obj
c:\users\heetae\source\repos\engineportfolio\engineporfolio\intermediate\debug\goomba.obj
c:\users\heetae\source\repos\engineportfolio\engineporfolio\intermediate\debug\camerascript.obj
c:\users\heetae\source\repos\engineportfolio\engineporfolio\intermediate\debug\animationhelper.obj
c:\users\heetae\source\repos\engineportfolio\engineporfolio\binaries\client.exe
c:\users\heetae\source\repos\engineportfolio\engineporfolio\binaries\client.pdb
c:\users\heetae\source\repos\engineportfolio\engineporfolio\intermediate\debug\client.ilk
c:\users\heetae\source\repos\engineportfolio\engineporfolio\intermediate\debug\basecollider.obj
c:\users\heetae\source\repos\engineportfolio\engineporfolio\intermediate\debug\boxcollider.obj
c:\users\heetae\source\repos\engineportfolio\engineporfolio\intermediate\debug\camera.obj
c:\users\heetae\source\repos\engineportfolio\engineporfolio\intermediate\debug\capsulecollider.obj
c:\users\heetae\source\repos\engineportfolio\engineporfolio\intermediate\debug\collision.obj
c:\users\heetae\source\repos\engineportfolio\engineporfolio\intermediate\debug\component.obj
c:\users\heetae\source\repos\engineportfolio\engineporfolio\intermediate\debug\constantbuffer.obj
c:\users\heetae\source\repos\engineportfolio\engineporfolio\intermediate\debug\etcutils.obj
c:\users\heetae\source\repos\engineportfolio\engineporfolio\intermediate\debug\fileutils.obj
c:\users\heetae\source\repos\engineportfolio\engineporfolio\intermediate\debug\game.obj
c:\users\heetae\source\repos\engineportfolio\engineporfolio\intermediate\debug\gameobject.obj
c:\users\heetae\source\repos\engineportfolio\engineporfolio\intermediate\debug\geometry.obj
c:\users\heetae\source\repos\engineportfolio\engineporfolio\intermediate\debug\geometryhelper.obj
c:\users\heetae\source\repos\engineportfolio\engineporfolio\intermediate\debug\graphics.obj
c:\users\heetae\source\repos\engineportfolio\engineporfolio\intermediate\debug\imgui.obj
c:\users\heetae\source\repos\engineportfolio\engineporfolio\intermediate\debug\imguimanager.obj
c:\users\heetae\source\repos\engineportfolio\engineporfolio\intermediate\debug\imgui_demo.obj
c:\users\heetae\source\repos\engineportfolio\engineporfolio\intermediate\debug\imgui_draw.obj
c:\users\heetae\source\repos\engineportfolio\engineporfolio\intermediate\debug\imgui_impl_dx11.obj
c:\users\heetae\source\repos\engineportfolio\engineporfolio\intermediate\debug\imgui_impl_win32.obj
c:\users\heetae\source\repos\engineportfolio\engineporfolio\intermediate\debug\imgui_tables.obj
c:\users\heetae\source\repos\engineportfolio\engineporfolio\intermediate\debug\imgui_widgets.obj
c:\users\heetae\source\repos\engineportfolio\engineporfolio\intermediate\debug\indexbuffer.obj
c:\users\heetae\source\repos\engineportfolio\engineporfolio\intermediate\debug\initresource.obj
c:\users\heetae\source\repos\engineportfolio\engineporfolio\intermediate\debug\inputmanager.obj
c:\users\heetae\source\repos\engineportfolio\engineporfolio\intermediate\debug\ireturngameobjects.obj
c:\users\heetae\source\repos\engineportfolio\engineporfolio\intermediate\debug\ireturnmonobehaviour.obj
c:\users\heetae\source\repos\engineportfolio\engineporfolio\intermediate\debug\itransfershader.obj
c:\users\heetae\source\repos\engineportfolio\engineporfolio\intermediate\debug\material.obj
c:\users\heetae\source\repos\engineportfolio\engineporfolio\intermediate\debug\mesh.obj
c:\users\heetae\source\repos\engineportfolio\engineporfolio\intermediate\debug\meshrenderer.obj
c:\users\heetae\source\repos\engineportfolio\engineporfolio\intermediate\debug\model.obj
c:\users\heetae\source\repos\engineportfolio\engineporfolio\intermediate\debug\modelanimation.obj
c:\users\heetae\source\repos\engineportfolio\engineporfolio\intermediate\debug\modelanimator.obj
c:\users\heetae\source\repos\engineportfolio\engineporfolio\intermediate\debug\modelmesh.obj
c:\users\heetae\source\repos\engineportfolio\engineporfolio\intermediate\debug\modelrenderer.obj
c:\users\heetae\source\repos\engineportfolio\engineporfolio\intermediate\debug\monobehaviour.obj
c:\users\heetae\source\repos\engineportfolio\engineporfolio\intermediate\debug\mymathutils.obj
c:\users\heetae\source\repos\engineportfolio\engineporfolio\intermediate\debug\pass.obj
c:\users\heetae\source\repos\engineportfolio\engineporfolio\intermediate\debug\physics.obj
c:\users\heetae\source\repos\engineportfolio\engineporfolio\intermediate\debug\prefabmanager.obj
c:\users\heetae\source\repos\engineportfolio\engineporfolio\intermediate\debug\renderer.obj
c:\users\heetae\source\repos\engineportfolio\engineporfolio\intermediate\debug\rendermanager.obj
c:\users\heetae\source\repos\engineportfolio\engineporfolio\intermediate\debug\resourcebase.obj
c:\users\heetae\source\repos\engineportfolio\engineporfolio\intermediate\debug\resourcemanager.obj
c:\users\heetae\source\repos\engineportfolio\engineporfolio\intermediate\debug\rigidbody.obj
c:\users\heetae\source\repos\engineportfolio\engineporfolio\intermediate\debug\scene.obj
c:\users\heetae\source\repos\engineportfolio\engineporfolio\intermediate\debug\scenemanager.obj
c:\users\heetae\source\repos\engineportfolio\engineporfolio\intermediate\debug\shader.obj
c:\users\heetae\source\repos\engineportfolio\engineporfolio\intermediate\debug\simplemath.obj
c:\users\heetae\source\repos\engineportfolio\engineporfolio\intermediate\debug\spherecollider.obj
c:\users\heetae\source\repos\engineportfolio\engineporfolio\intermediate\debug\technique.obj
c:\users\heetae\source\repos\engineportfolio\engineporfolio\intermediate\debug\texture.obj
c:\users\heetae\source\repos\engineportfolio\engineporfolio\intermediate\debug\timemanager.obj
c:\users\heetae\source\repos\engineportfolio\engineporfolio\intermediate\debug\timer.obj
c:\users\heetae\source\repos\engineportfolio\engineporfolio\intermediate\debug\timeractor.obj
c:\users\heetae\source\repos\engineportfolio\engineporfolio\intermediate\debug\timermanager.obj
c:\users\heetae\source\repos\engineportfolio\engineporfolio\intermediate\debug\tinyxml2.obj
c:\users\heetae\source\repos\engineportfolio\engineporfolio\intermediate\debug\transform.obj
c:\users\heetae\source\repos\engineportfolio\engineporfolio\intermediate\debug\utils.obj
c:\users\heetae\source\repos\engineportfolio\engineporfolio\intermediate\debug\vertexbuffer.obj
c:\users\heetae\source\repos\engineportfolio\engineporfolio\intermediate\debug\vertexdata.obj
c:\users\heetae\source\repos\engineportfolio\engineporfolio\intermediate\debug\engine.pch
c:\users\heetae\source\repos\engineportfolio\engineporfolio\intermediate\debug\client.vcxproj.filelistabsolute.txt
c:\users\heetae\source\repos\engineportfolio\engineporfolio\intermediate\debug\client.tlog\cl.command.1.tlog
c:\users\heetae\source\repos\engineportfolio\engineporfolio\intermediate\debug\client.tlog\cl.items.tlog
c:\users\heetae\source\repos\engineportfolio\engineporfolio\intermediate\debug\client.tlog\cl.read.1.tlog
c:\users\heetae\source\repos\engineportfolio\engineporfolio\intermediate\debug\client.tlog\cl.write.1.tlog
c:\users\heetae\source\repos\engineportfolio\engineporfolio\intermediate\debug\client.tlog\link.command.1.tlog
c:\users\heetae\source\repos\engineportfolio\engineporfolio\intermediate\debug\client.tlog\link.read.1.tlog
c:\users\heetae\source\repos\engineportfolio\engineporfolio\intermediate\debug\client.tlog\link.secondary.1.tlog
c:\users\heetae\source\repos\engineportfolio\engineporfolio\intermediate\debug\client.tlog\link.write.1.tlog
