C:\Program Files\Microsoft Visual Studio\2022\Community\MSBuild\Microsoft\VC\v170\Microsoft.CppBuild.targets(531,5): warning MSB8028: The intermediate directory (C:\Users\Heetae\source\repos\EnginePortfolio\EnginePorfolio\Intermediate\Debug\) contains files shared from another project (AssimpTool.vcxproj, Client.vcxproj).  This can lead to incorrect clean and rebuild behavior.
  C:\Users\Heetae\source\repos\EnginePortfolio\EnginePorfolio\Engine\BaseCollider.h
  C:\Users\Heetae\source\repos\EnginePortfolio\EnginePorfolio\Engine\BoxCollider.h
  C:\Users\Heetae\source\repos\EnginePortfolio\EnginePorfolio\Engine\Camera.h
  C:\Users\Heetae\source\repos\EnginePortfolio\EnginePorfolio\Engine\CapsuleCollider.h
  C:\Users\Heetae\source\repos\EnginePortfolio\EnginePorfolio\Engine\Collision.h
  C:\Users\Heetae\source\repos\EnginePortfolio\EnginePorfolio\Engine\Component.h
  C:\Users\Heetae\source\repos\EnginePortfolio\EnginePorfolio\Engine\ConstantBuffer.h
  C:\Users\Heetae\source\repos\EnginePortfolio\EnginePorfolio\Engine\Define.h
  C:\Users\Heetae\source\repos\EnginePortfolio\EnginePorfolio\Engine\EnginePch.h
  C:\Users\Heetae\source\repos\EnginePortfolio\EnginePorfolio\Engine\ETCUtils.h
  C:\Users\Heetae\source\repos\EnginePortfolio\EnginePorfolio\Engine\FileUtils.h
  C:\Users\Heetae\source\repos\EnginePortfolio\EnginePorfolio\Engine\Game.h
  C:\Users\Heetae\source\repos\EnginePortfolio\EnginePorfolio\Engine\GameObject.h
  C:\Users\Heetae\source\repos\EnginePortfolio\EnginePorfolio\Engine\Geometry.h
  C:\Users\Heetae\source\repos\EnginePortfolio\EnginePorfolio\Engine\GeometryHelper.h
  C:\Users\Heetae\source\repos\EnginePortfolio\EnginePorfolio\Engine\Graphics.h
  C:\Users\Heetae\source\repos\EnginePortfolio\EnginePorfolio\Engine\imconfig.h
  C:\Users\Heetae\source\repos\EnginePortfolio\EnginePorfolio\Engine\imgui.h
  C:\Users\Heetae\source\repos\EnginePortfolio\EnginePorfolio\Engine\ImGuiManager.h
  C:\Users\Heetae\source\repos\EnginePortfolio\EnginePorfolio\Engine\imgui_impl_dx11.h
  C:\Users\Heetae\source\repos\EnginePortfolio\EnginePorfolio\Engine\imgui_impl_win32.h
  C:\Users\Heetae\source\repos\EnginePortfolio\EnginePorfolio\Engine\imgui_internal.h
  C:\Users\Heetae\source\repos\EnginePortfolio\EnginePorfolio\Engine\imstb_rectpack.h
  C:\Users\Heetae\source\repos\EnginePortfolio\EnginePorfolio\Engine\imstb_textedit.h
  C:\Users\Heetae\source\repos\EnginePortfolio\EnginePorfolio\Engine\imstb_truetype.h
  C:\Users\Heetae\source\repos\EnginePortfolio\EnginePorfolio\Engine\IndexBuffer.h
  C:\Users\Heetae\source\repos\EnginePortfolio\EnginePorfolio\Engine\InitResource.h
  C:\Users\Heetae\source\repos\EnginePortfolio\EnginePorfolio\Engine\InputManager.h
  C:\Users\Heetae\source\repos\EnginePortfolio\EnginePorfolio\Engine\IReturnGameObjects.h
  C:\Users\Heetae\source\repos\EnginePortfolio\EnginePorfolio\Engine\IReturnMonobehaviour.h
  C:\Users\Heetae\source\repos\EnginePortfolio\EnginePorfolio\Engine\ITransferShader.h
  C:\Users\Heetae\source\repos\EnginePortfolio\EnginePorfolio\Engine\Material.h
  C:\Users\Heetae\source\repos\EnginePortfolio\EnginePorfolio\Engine\Mesh.h
  C:\Users\Heetae\source\repos\EnginePortfolio\EnginePorfolio\Engine\MeshRenderer.h
  C:\Users\Heetae\source\repos\EnginePortfolio\EnginePorfolio\Engine\Model.h
  C:\Users\Heetae\source\repos\EnginePortfolio\EnginePorfolio\Engine\ModelAnimation.h
  C:\Users\Heetae\source\repos\EnginePortfolio\EnginePorfolio\Engine\ModelAnimator.h
  C:\Users\Heetae\source\repos\EnginePortfolio\EnginePorfolio\Engine\ModelMesh.h
  C:\Users\Heetae\source\repos\EnginePortfolio\EnginePorfolio\Engine\ModelRenderer.h
  C:\Users\Heetae\source\repos\EnginePortfolio\EnginePorfolio\Engine\Monobehaviour.h
  C:\Users\Heetae\source\repos\EnginePortfolio\EnginePorfolio\Engine\MyMathUtils.h
  C:\Users\Heetae\source\repos\EnginePortfolio\EnginePorfolio\Engine\Pass.h
  C:\Users\Heetae\source\repos\EnginePortfolio\EnginePorfolio\Engine\pch.h
  C:\Users\Heetae\source\repos\EnginePortfolio\EnginePorfolio\Engine\Physics.h
  C:\Users\Heetae\source\repos\EnginePortfolio\EnginePorfolio\Engine\PrefabManager.h
  C:\Users\Heetae\source\repos\EnginePortfolio\EnginePorfolio\Engine\Renderer.h
  C:\Users\Heetae\source\repos\EnginePortfolio\EnginePorfolio\Engine\RenderManager.h
  C:\Users\Heetae\source\repos\EnginePortfolio\EnginePorfolio\Engine\ResourceBase.h
  C:\Users\Heetae\source\repos\EnginePortfolio\EnginePorfolio\Engine\ResourceManager.h
  C:\Users\Heetae\source\repos\EnginePortfolio\EnginePorfolio\Engine\Rigidbody.h
  C:\Users\Heetae\source\repos\EnginePortfolio\EnginePorfolio\Engine\Scene.h
  C:\Users\Heetae\source\repos\EnginePortfolio\EnginePorfolio\Engine\SceneManager.h
  C:\Users\Heetae\source\repos\EnginePortfolio\EnginePorfolio\Engine\Shader.h
  C:\Users\Heetae\source\repos\EnginePortfolio\EnginePorfolio\Engine\SimpleMath.h
  C:\Users\Heetae\source\repos\EnginePortfolio\EnginePorfolio\Engine\SphereCollider.h
  C:\Users\Heetae\source\repos\EnginePortfolio\EnginePorfolio\Engine\Technique.h
  C:\Users\Heetae\source\repos\EnginePortfolio\EnginePorfolio\Engine\Texture.h
  C:\Users\Heetae\source\repos\EnginePortfolio\EnginePorfolio\Engine\TimeManager.h
  C:\Users\Heetae\source\repos\EnginePortfolio\EnginePorfolio\Engine\Timer.h
  C:\Users\Heetae\source\repos\EnginePortfolio\EnginePorfolio\Engine\TimerActor.h
  C:\Users\Heetae\source\repos\EnginePortfolio\EnginePorfolio\Engine\TimerManager.h
  C:\Users\Heetae\source\repos\EnginePortfolio\EnginePorfolio\Engine\tinyxml2.h
  C:\Users\Heetae\source\repos\EnginePortfolio\EnginePorfolio\Engine\Transform.h
  C:\Users\Heetae\source\repos\EnginePortfolio\EnginePorfolio\Engine\Types.h
  C:\Users\Heetae\source\repos\EnginePortfolio\EnginePorfolio\Engine\Utils.h
  C:\Users\Heetae\source\repos\EnginePortfolio\EnginePorfolio\Engine\VertexBuffer.h
  C:\Users\Heetae\source\repos\EnginePortfolio\EnginePorfolio\Engine\VertexData.h
  67 File(s) copied
  C:\Users\Heetae\source\repos\EnginePortfolio\EnginePorfolio\Engine\SimpleMath.inl
  1 File(s) copied
  Scene.cpp
  Engine.vcxproj -> C:\Users\Heetae\source\repos\EnginePortfolio\EnginePorfolio\Libraries\Lib\Engine\Engine.lib
